<?xml version="1.0" encoding="UTF-8"?>
<!-- Generated by org.testng.reporters.JUnitReportReporter -->
<testsuite hostname="PL-UK-PF3L5TXJ" failures="0" tests="1" name="com.qa.testsql.ConnectMySql" time="0.668" errors="0" timestamp="2022-08-04T16:42:46 BST" skipped="0">
  <testcase classname="com.qa.testsql.ConnectMySql" name="testDB" time="0.668"/>
  <system-out/>
</testsuite> <!-- com.qa.testsql.ConnectMySql -->
