<?xml version="1.0" encoding="UTF-8"?>
<!-- Generated by org.testng.reporters.JUnitReportReporter -->
<testsuite hostname="PL-UK-PF3L5TXJ" failures="0" tests="1" name="com.crm.qa.testcases.GetAPITest" time="165.632" errors="0" timestamp="2022-08-02T00:19:21 BST" skipped="0">
  <testcase classname="com.crm.qa.testcases.GetAPITest" name="getAPITest" time="165.632"/>
  <system-out/>
</testsuite> <!-- com.crm.qa.testcases.GetAPITest -->
